[debug] [2022-11-14T22:30:03.949Z] ----------------------------------------------------------------------
[debug] [2022-11-14T22:30:03.950Z] Command:       c:\program files\nodejs\node.exe C:\Users\Administrador\AppData\Roaming\npm\node_modules\firebase-tools\lib\bin\firebase.js deploy
[debug] [2022-11-14T22:30:03.951Z] CLI Version:   11.16.0
[debug] [2022-11-14T22:30:03.951Z] Platform:      win32
[debug] [2022-11-14T22:30:03.951Z] Node Version:  v16.17.1
[debug] [2022-11-14T22:30:03.957Z] Time:          Mon Nov 14 2022 19:30:03 GMT-0300 (hora de verano de Chile)
[debug] [2022-11-14T22:30:03.957Z] ----------------------------------------------------------------------
[debug] 
[debug] [2022-11-14T22:30:04.045Z] > command requires scopes: ["email","openid","https://www.googleapis.com/auth/cloudplatformprojects.readonly","https://www.googleapis.com/auth/firebase","https://www.googleapis.com/auth/cloud-platform"]
[debug] [2022-11-14T22:30:04.046Z] > authorizing via signed-in user (hernanastudillom@gmail.com)
[debug] [2022-11-14T22:30:04.046Z] [iam] checking project registro-oro-wow for permissions ["datastore.indexes.create","datastore.indexes.delete","datastore.indexes.list","datastore.indexes.update","firebase.projects.get","firebasehosting.sites.update"]
[debug] [2022-11-14T22:30:04.048Z] > refreshing access token with scopes: []
[debug] [2022-11-14T22:30:04.050Z] >>> [apiv2][query] POST https://www.googleapis.com/oauth2/v3/token [none]
[debug] [2022-11-14T22:30:04.051Z] >>> [apiv2][body] POST https://www.googleapis.com/oauth2/v3/token [omitted]
[debug] [2022-11-14T22:30:04.259Z] <<< [apiv2][status] POST https://www.googleapis.com/oauth2/v3/token 200
[debug] [2022-11-14T22:30:04.259Z] <<< [apiv2][body] POST https://www.googleapis.com/oauth2/v3/token [omitted]
[debug] [2022-11-14T22:30:04.268Z] >>> [apiv2][query] POST https://cloudresourcemanager.googleapis.com/v1/projects/registro-oro-wow:testIamPermissions [none]
[debug] [2022-11-14T22:30:04.268Z] >>> [apiv2][(partial)header] POST https://cloudresourcemanager.googleapis.com/v1/projects/registro-oro-wow:testIamPermissions x-goog-quota-user=projects/registro-oro-wow
[debug] [2022-11-14T22:30:04.269Z] >>> [apiv2][body] POST https://cloudresourcemanager.googleapis.com/v1/projects/registro-oro-wow:testIamPermissions {"permissions":["datastore.indexes.create","datastore.indexes.delete","datastore.indexes.list","datastore.indexes.update","firebase.projects.get","firebasehosting.sites.update"]}
[debug] [2022-11-14T22:30:05.189Z] <<< [apiv2][status] POST https://cloudresourcemanager.googleapis.com/v1/projects/registro-oro-wow:testIamPermissions 200
[debug] [2022-11-14T22:30:05.189Z] <<< [apiv2][body] POST https://cloudresourcemanager.googleapis.com/v1/projects/registro-oro-wow:testIamPermissions {"permissions":["datastore.indexes.create","datastore.indexes.delete","datastore.indexes.list","datastore.indexes.update","firebase.projects.get","firebasehosting.sites.update"]}
[debug] [2022-11-14T22:30:05.190Z] >>> [apiv2][query] GET https://firebase.googleapis.com/v1beta1/projects/registro-oro-wow [none]
[debug] [2022-11-14T22:30:05.603Z] <<< [apiv2][status] GET https://firebase.googleapis.com/v1beta1/projects/registro-oro-wow 200
[debug] [2022-11-14T22:30:05.603Z] <<< [apiv2][body] GET https://firebase.googleapis.com/v1beta1/projects/registro-oro-wow {"projectId":"registro-oro-wow","projectNumber":"174235887858","displayName":"registro-oro-wow","name":"projects/registro-oro-wow","resources":{"hostingSite":"registro-oro-wow","storageBucket":"registro-oro-wow.appspot.com","locationId":"us-central"},"state":"ACTIVE","etag":"1_489a30b7-909f-4a16-a4a0-972450992596"}
[info] 
[info] === Deploying to 'registro-oro-wow'...
[info] 
[info] i  deploying firestore, hosting 
[info] i  firestore: reading indexes from firestore.indexes.json... 
[info] i  cloud.firestore: checking firestore.rules for compilation errors... 
[debug] [2022-11-14T22:30:05.615Z] >>> [apiv2][query] POST https://firebaserules.googleapis.com/v1/projects/registro-oro-wow:test [none]
[debug] [2022-11-14T22:30:05.615Z] >>> [apiv2][body] POST https://firebaserules.googleapis.com/v1/projects/registro-oro-wow:test [omitted]
[debug] [2022-11-14T22:30:06.559Z] <<< [apiv2][status] POST https://firebaserules.googleapis.com/v1/projects/registro-oro-wow:test 200
[debug] [2022-11-14T22:30:06.559Z] <<< [apiv2][body] POST https://firebaserules.googleapis.com/v1/projects/registro-oro-wow:test {}
[info] +  cloud.firestore: rules file firestore.rules compiled successfully 
[debug] [2022-11-14T22:30:06.562Z] >>> [apiv2][query] POST https://firebasehosting.googleapis.com/v1beta1/projects/-/sites/registro-oro-wow/versions [none]
[debug] [2022-11-14T22:30:06.562Z] >>> [apiv2][body] POST https://firebasehosting.googleapis.com/v1beta1/projects/-/sites/registro-oro-wow/versions {"status":"CREATED","labels":{"deployment-tool":"cli-firebase"}}
[debug] [2022-11-14T22:30:07.931Z] <<< [apiv2][status] POST https://firebasehosting.googleapis.com/v1beta1/projects/-/sites/registro-oro-wow/versions 200
[debug] [2022-11-14T22:30:07.931Z] <<< [apiv2][body] POST https://firebasehosting.googleapis.com/v1beta1/projects/-/sites/registro-oro-wow/versions {"name":"projects/174235887858/sites/registro-oro-wow/versions/478d21e623f1dbba","status":"CREATED","config":{},"labels":{"deployment-tool":"cli-firebase"}}
[debug] [2022-11-14T22:30:07.933Z] >>> [apiv2][query] GET https://firebaserules.googleapis.com/v1/projects/registro-oro-wow/releases pageSize=10&pageToken=
[debug] [2022-11-14T22:30:07.934Z] >>> [apiv2][query] GET https://firestore.googleapis.com/v1/projects/registro-oro-wow/databases/(default)/collectionGroups/-/indexes [none]
[debug] [2022-11-14T22:30:08.950Z] <<< [apiv2][status] GET https://firebaserules.googleapis.com/v1/projects/registro-oro-wow/releases 200
[debug] [2022-11-14T22:30:08.950Z] <<< [apiv2][body] GET https://firebaserules.googleapis.com/v1/projects/registro-oro-wow/releases {"releases":[{"name":"projects/registro-oro-wow/releases/cloud.firestore","rulesetName":"projects/registro-oro-wow/rulesets/f97872c5-b98a-4970-b5b1-96d01c295d5f","createTime":"2022-11-01T09:34:21.966211Z","updateTime":"2022-11-14T07:42:23.266883Z"}]}
[debug] [2022-11-14T22:30:08.950Z] >>> [apiv2][query] GET https://firebaserules.googleapis.com/v1/projects/registro-oro-wow/rulesets/f97872c5-b98a-4970-b5b1-96d01c295d5f [none]
[debug] [2022-11-14T22:30:09.009Z] <<< [apiv2][status] GET https://firestore.googleapis.com/v1/projects/registro-oro-wow/databases/(default)/collectionGroups/-/indexes 200
[debug] [2022-11-14T22:30:09.009Z] <<< [apiv2][body] GET https://firestore.googleapis.com/v1/projects/registro-oro-wow/databases/(default)/collectionGroups/-/indexes {"indexes":[{"name":"projects/registro-oro-wow/databases/(default)/collectionGroups/movimientos/indexes/CICAgOjXh4EK","queryScope":"COLLECTION","fields":[{"fieldPath":"uid","order":"ASCENDING"},{"fieldPath":"fecha","order":"DESCENDING"},{"fieldPath":"__name__","order":"DESCENDING"}],"state":"READY"}]}
[debug] [2022-11-14T22:30:09.010Z] >>> [apiv2][query] GET https://firestore.googleapis.com/v1/projects/registro-oro-wow/databases/(default)/collectionGroups/-/fields?filter=indexConfig.usesAncestorConfig=false [none]
[debug] [2022-11-14T22:30:09.874Z] <<< [apiv2][status] GET https://firebaserules.googleapis.com/v1/projects/registro-oro-wow/rulesets/f97872c5-b98a-4970-b5b1-96d01c295d5f 200
[debug] [2022-11-14T22:30:09.874Z] <<< [apiv2][body] GET https://firebaserules.googleapis.com/v1/projects/registro-oro-wow/rulesets/f97872c5-b98a-4970-b5b1-96d01c295d5f [omitted]
[info] i  firestore: latest version of firestore.rules already up to date, skipping upload... 
[debug] [2022-11-14T22:30:10.033Z] <<< [apiv2][status] GET https://firestore.googleapis.com/v1/projects/registro-oro-wow/databases/(default)/collectionGroups/-/fields?filter=indexConfig.usesAncestorConfig=false 200
[debug] [2022-11-14T22:30:10.033Z] <<< [apiv2][body] GET https://firestore.googleapis.com/v1/projects/registro-oro-wow/databases/(default)/collectionGroups/-/fields?filter=indexConfig.usesAncestorConfig=false {"fields":[{"name":"projects/registro-oro-wow/databases/(default)/collectionGroups/__default__/fields/*","indexConfig":{"indexes":[{"queryScope":"COLLECTION","fields":[{"fieldPath":"*","order":"ASCENDING"}],"state":"READY"},{"queryScope":"COLLECTION","fields":[{"fieldPath":"*","order":"DESCENDING"}],"state":"READY"},{"queryScope":"COLLECTION","fields":[{"fieldPath":"*","arrayConfig":"CONTAINS"}],"state":"READY"}]}}]}
[info] i  firestore: The following indexes are defined in your project but are not present in your firestore indexes file:
	(movimientos) -- (uid,ASCENDING) (fecha,DESCENDING)  
